<?xml version="1.0" encoding="UTF-8"?>
<!-- Generated by org.testng.reporters.JUnitXMLReporter -->
<testsuite ignored="6" hostname="Gayatri-LP" failures="0" tests="0" time="0.015" errors="0" timestamp="2023-02-24T17:40:05 PST">
  <testcase classname="restapi.tests.GetCarsAPITest" name="validateContentEncoding" time="0.0">
    <ignored/>
  </testcase> <!-- validateContentEncoding -->
  <testcase classname="restapi.tests.GetCarsAPITest" name="getCarsAPITest" time="0.0">
    <ignored/>
  </testcase> <!-- getCarsAPITest -->
  <testcase classname="restapi.tests.GetCarsAPITest" name="highestRevenueCar" time="0.0">
    <ignored/>
  </testcase> <!-- highestRevenueCar -->
  <testcase classname="restapi.tests.GetCarsAPITest" name="validateStatusCode" time="0.0">
    <ignored/>
  </testcase> <!-- validateStatusCode -->
  <testcase classname="restapi.tests.GetCarsAPITest" name="printCars" time="0.0">
    <ignored/>
  </testcase> <!-- printCars -->
  <testcase classname="restapi.tests.GetCarsAPITest" name="validateContentType" time="0.0">
    <ignored/>
  </testcase> <!-- validateContentType -->
</testsuite>
