<?xml version="1.0" encoding="UTF-8"?>
<!-- Generated by org.testng.reporters.JUnitXMLReporter -->
<testsuite ignored="0" hostname="Gayatri-LP" failures="0" tests="7" name="Test" time="1.301" errors="0" timestamp="2023-02-24T17:41:10 PST">
  <testcase classname="restapi.tests.GetCarsAPITest" name="getCarsAPITest" time="0.956"/>
  <testcase classname="restapi.tests.GetCarsAPITest" name="getLowestRentalCars" time="0.28"/>
  <testcase classname="restapi.tests.GetCarsAPITest" name="highestRevenueCar" time="0.009"/>
  <testcase classname="restapi.tests.GetCarsAPITest" name="printCars" time="0.007"/>
  <testcase classname="restapi.tests.GetCarsAPITest" name="validateContentEncoding" time="0.002"/>
  <testcase classname="restapi.tests.GetCarsAPITest" name="validateContentType" time="0.001"/>
  <testcase classname="restapi.tests.GetCarsAPITest" name="validateStatusCode" time="0.001"/>
</testsuite> <!-- Test -->
