<?xml version="1.0" encoding="UTF-8"?>
<!-- Generated by org.testng.reporters.JUnitXMLReporter -->
<testsuite ignored="0" hostname="Gayatri-LP" failures="0" tests="5" name="Test" time="1.188" errors="0" timestamp="2023-02-24T16:20:13 PST">
  <testcase classname="restapi.tests.GetCarsAPITest" name="getCarsAPITest" time="0.909"/>
  <testcase classname="restapi.tests.GetCarsAPITest" name="printCars" time="0.244"/>
  <testcase classname="restapi.tests.GetCarsAPITest" name="validateContentEncoding" time="0.0"/>
  <testcase classname="restapi.tests.GetCarsAPITest" name="validateContentType" time="0.001"/>
  <testcase classname="restapi.tests.GetCarsAPITest" name="validateStatusCode" time="0.0"/>
</testsuite> <!-- Test -->
