<?xml version="1.0" encoding="UTF-8"?>
<testsuite xmlns:xsi="http://www.w3.org/2001/XMLSchema-instance" xsi:noNamespaceSchemaLocation="https://maven.apache.org/surefire/maven-surefire-plugin/xsd/surefire-test-report-3.0.xsd" version="3.0" name="TestSuite" time="2.192" tests="5" errors="0" skipped="0" failures="0">
  <properties>
[...]
</properties>
  <testcase name="getCarsAPITest" classname="restapi.tests.GetCarsAPITest" time="1.003">
    <system-out><![CDATA[http://localhost:3000/Car
getCarsAPITest
X-Powered-By=Express
Vary=Origin, Accept-Encoding
Access-Control-Allow-Credentials=true
Cache-Control=no-cache
Pragma=no-cache
Expires=-1
X-Content-Type-Options=nosniff
Content-Type=application/json; charset=utf-8
ETag=W/"9d7-Ufk9qjES4qxqRcIxURL094TMc38"
Content-Encoding=gzip
Date=Sat, 25 Feb 2023 00:07:14 GMT
Connection=keep-alive
Keep-Alive=timeout=5
Transfer-Encoding=chunked
]]></system-out>
    <system-err><![CDATA[SLF4J: Failed to load class "org.slf4j.impl.StaticLoggerBinder".
SLF4J: Defaulting to no-operation (NOP) logger implementation
SLF4J: See http://www.slf4j.org/codes.html#StaticLoggerBinder for further details.
]]></system-err>
  </testcase>
  <testcase name="printCars" classname="restapi.tests.GetCarsAPITest" time="0.266">
    <system-out><![CDATA[******Print all blue Tesla************
Make: Tesla Notes: Right mirror Scratches
Make: Tesla Notes: Scratches on the front glass
]]></system-out>
  </testcase>
  <testcase name="validateContentEncoding" classname="restapi.tests.GetCarsAPITest" time="0.001"/>
  <testcase name="validateContentType" classname="restapi.tests.GetCarsAPITest" time="0.002">
    <system-out><![CDATA[Contect Type :application/json; charset=utf-8
]]></system-out>
  </testcase>
  <testcase name="validateStatusCode" classname="restapi.tests.GetCarsAPITest" time="0"/>
</testsuite>