<?xml version="1.0" encoding="UTF-8"?>
<testng-results ignored="0" total="7" passed="7" failed="0" skipped="0">
  <reporter-output>
  </reporter-output>
  <suite started-at="2023-02-24T17:41:09 PST" name="Suite" finished-at="2023-02-24T17:41:10 PST" duration-ms="1301">
    <groups>
    </groups>
    <test started-at="2023-02-24T17:41:09 PST" name="Test" finished-at="2023-02-24T17:41:10 PST" duration-ms="1301">
      <class name="restapi.tests.GetCarsAPITest">
        <test-method signature="getCarsAPITest()[pri:0, instance:restapi.tests.GetCarsAPITest@41709512]" started-at="2023-02-24T17:41:09 PST" name="getCarsAPITest" finished-at="2023-02-24T17:41:10 PST" duration-ms="956" status="PASS">
          <reporter-output>
          </reporter-output>
        </test-method> <!-- getCarsAPITest -->
        <test-method signature="getLowestRentalCars()[pri:0, instance:restapi.tests.GetCarsAPITest@41709512]" started-at="2023-02-24T17:41:10 PST" name="getLowestRentalCars" finished-at="2023-02-24T17:41:10 PST" duration-ms="280" status="PASS">
          <reporter-output>
          </reporter-output>
        </test-method> <!-- getLowestRentalCars -->
        <test-method signature="highestRevenueCar()[pri:0, instance:restapi.tests.GetCarsAPITest@41709512]" started-at="2023-02-24T17:41:10 PST" name="highestRevenueCar" finished-at="2023-02-24T17:41:10 PST" duration-ms="9" status="PASS">
          <reporter-output>
          </reporter-output>
        </test-method> <!-- highestRevenueCar -->
        <test-method signature="printCars()[pri:0, instance:restapi.tests.GetCarsAPITest@41709512]" started-at="2023-02-24T17:41:10 PST" name="printCars" finished-at="2023-02-24T17:41:10 PST" duration-ms="7" status="PASS">
          <reporter-output>
          </reporter-output>
        </test-method> <!-- printCars -->
        <test-method signature="validateContentEncoding()[pri:0, instance:restapi.tests.GetCarsAPITest@41709512]" started-at="2023-02-24T17:41:10 PST" name="validateContentEncoding" finished-at="2023-02-24T17:41:10 PST" duration-ms="2" status="PASS">
          <reporter-output>
          </reporter-output>
        </test-method> <!-- validateContentEncoding -->
        <test-method signature="validateContentType()[pri:0, instance:restapi.tests.GetCarsAPITest@41709512]" started-at="2023-02-24T17:41:10 PST" name="validateContentType" finished-at="2023-02-24T17:41:10 PST" duration-ms="1" status="PASS">
          <reporter-output>
          </reporter-output>
        </test-method> <!-- validateContentType -->
        <test-method signature="validateStatusCode()[pri:0, instance:restapi.tests.GetCarsAPITest@41709512]" started-at="2023-02-24T17:41:10 PST" name="validateStatusCode" finished-at="2023-02-24T17:41:10 PST" duration-ms="1" status="PASS">
          <reporter-output>
          </reporter-output>
        </test-method> <!-- validateStatusCode -->
      </class> <!-- restapi.tests.GetCarsAPITest -->
    </test> <!-- Test -->
  </suite> <!-- Suite -->
</testng-results>
